<?xml version="1.0" encoding="UTF-8"?>
<testsuite name="kr.ac.jejunu.user.UserDaoTests" tests="4" skipped="0" failures="0" errors="0" timestamp="2020-05-22T08:59:49" hostname="gohyelim-ui-MacBookPro.local" time="0.804">
  <properties/>
  <testcase name="delete()" classname="kr.ac.jejunu.user.UserDaoTests" time="0.64"/>
  <testcase name="insert()" classname="kr.ac.jejunu.user.UserDaoTests" time="0.062"/>
  <testcase name="update()" classname="kr.ac.jejunu.user.UserDaoTests" time="0.081"/>
  <testcase name="get()" classname="kr.ac.jejunu.user.UserDaoTests" time="0.019"/>
  <system-out><![CDATA[]]></system-out>
  <system-err><![CDATA[]]></system-err>
</testsuite>
