<?xml version="1.0" encoding="UTF-8"?>
<testsuite name="kr.ac.jejunu.user.UserDaoTests" tests="4" skipped="0" failures="0" errors="0" timestamp="2020-04-17T08:45:13" hostname="gohyelim-ui-MacBookPro.local" time="0.639">
  <properties/>
  <testcase name="insert()" classname="kr.ac.jejunu.user.UserDaoTests" time="0.559"/>
  <testcase name="insertHalla()" classname="kr.ac.jejunu.user.UserDaoTests" time="0.04"/>
  <testcase name="get()" classname="kr.ac.jejunu.user.UserDaoTests" time="0.019"/>
  <testcase name="getHalla()" classname="kr.ac.jejunu.user.UserDaoTests" time="0.018"/>
  <system-out><![CDATA[]]></system-out>
  <system-err><![CDATA[]]></system-err>
</testsuite>
