<?xml version="1.0" encoding="UTF-8"?>
<testsuite name="kr.ac.jejunu.user.UserDaoTests" tests="2" skipped="0" failures="0" errors="0" timestamp="2020-04-17T08:17:48" hostname="gohyelim-ui-MacBookPro.local" time="0.516">
  <properties/>
  <testcase name="insert()" classname="kr.ac.jejunu.user.UserDaoTests" time="0.497"/>
  <testcase name="get()" classname="kr.ac.jejunu.user.UserDaoTests" time="0.018"/>
  <system-out><![CDATA[]]></system-out>
  <system-err><![CDATA[]]></system-err>
</testsuite>
