<?xml version="1.0" encoding="UTF-8"?>
<testsuite name="kr.ac.jejunu.user.UserDaoTests" tests="4" skipped="0" failures="0" errors="0" timestamp="2020-05-01T08:36:15" hostname="gohyelim-ui-MacBookPro.local" time="0.7">
  <properties/>
  <testcase name="delete()" classname="kr.ac.jejunu.user.UserDaoTests" time="0.576"/>
  <testcase name="insert()" classname="kr.ac.jejunu.user.UserDaoTests" time="0.047"/>
  <testcase name="update()" classname="kr.ac.jejunu.user.UserDaoTests" time="0.054"/>
  <testcase name="get()" classname="kr.ac.jejunu.user.UserDaoTests" time="0.02"/>
  <system-out><![CDATA[]]></system-out>
  <system-err><![CDATA[]]></system-err>
</testsuite>
