<?xml version="1.0" encoding="UTF-8"?>
<testsuite name="kr.ac.jejunu.user.UserDaoTests" tests="1" skipped="0" failures="0" errors="0" timestamp="2020-04-10T12:08:58" hostname="gohyelim-ui-MacBookPro.local" time="0.488">
  <properties/>
  <testcase name="get()" classname="kr.ac.jejunu.user.UserDaoTests" time="0.488"/>
  <system-out><![CDATA[]]></system-out>
  <system-err><![CDATA[]]></system-err>
</testsuite>
