<?xml version="1.0" encoding="UTF-8"?>
<testsuite name="kr.ac.jejunu.user.UserDaoTests" tests="4" skipped="0" failures="0" errors="0" timestamp="2020-05-01T07:43:56" hostname="gohyelim-ui-MacBookPro.local" time="0.688">
  <properties/>
  <testcase name="delete()" classname="kr.ac.jejunu.user.UserDaoTests" time="0.55"/>
  <testcase name="insert()" classname="kr.ac.jejunu.user.UserDaoTests" time="0.046"/>
  <testcase name="update()" classname="kr.ac.jejunu.user.UserDaoTests" time="0.057"/>
  <testcase name="get()" classname="kr.ac.jejunu.user.UserDaoTests" time="0.032"/>
  <system-out><![CDATA[]]></system-out>
  <system-err><![CDATA[]]></system-err>
</testsuite>
