<?xml version="1.0" encoding="UTF-8"?>
<testsuite name="kr.ac.jejunu.user.UserDaoTests" tests="2" skipped="0" failures="0" errors="0" timestamp="2020-04-27T12:18:24" hostname="gohyelim-ui-MacBookPro.local" time="0.874">
  <properties/>
  <testcase name="insert()" classname="kr.ac.jejunu.user.UserDaoTests" time="0.847"/>
  <testcase name="get()" classname="kr.ac.jejunu.user.UserDaoTests" time="0.026"/>
  <system-out><![CDATA[]]></system-out>
  <system-err><![CDATA[]]></system-err>
</testsuite>
